<?xml version="1.0" encoding="UTF-8"?>
<!-- Generated by org.testng.reporters.JUnitXMLReporter -->
<testsuite ignored="0" hostname="LAPTOP-4V9B7M9M" failures="0" tests="3" name="Default test" time="13.81" errors="0" timestamp="2021-03-24T10:38:37 IST">
  <testcase classname="PetStore.AddNewPet" name="addNewPet" time="10.713"/>
  <testcase classname="PetStore.AddNewPet" name="addNewPet" time="1.503"/>
  <testcase classname="PetStore.AddNewPet" name="addNewPet" time="1.47"/>
</testsuite> <!-- Default test -->
