<?xml version="1.0" encoding="UTF-8"?>
<!-- Generated by org.testng.reporters.JUnitXMLReporter -->
<testsuite ignored="0" hostname="LAPTOP-4V9B7M9M" failures="0" tests="14" name="Test" time="32.592" errors="0" timestamp="2021-03-28T14:42:13 IST">
  <testcase classname="PetStore.AddNewPet" name="addNewPet" time="13.829"/>
  <testcase classname="PetStore.AddNewPet" name="addNewPet" time="1.627"/>
  <testcase classname="PetStore.AddNewPet" name="addNewPet" time="1.43"/>
  <testcase classname="PetStore.AddNewPet" name="addNewPet" time="1.659"/>
  <testcase classname="PetStore.AddNewPet" name="addNewPet" time="1.432"/>
  <testcase classname="PetStore.AddNewPet" name="addNewPet" time="1.391"/>
  <testcase classname="PetStore.getPetStatus" name="getStatus" time="1.818"/>
  <testcase classname="PetStore.updatePet" name="updatePetdetails" time="0.002"/>
  <testcase classname="PetStore.updatePet" name="updatePetdetails" time="0.001"/>
  <testcase classname="PetStore.updatePet" name="updatePetdetails" time="3.145"/>
  <testcase classname="PetStore.updatePet" name="updatePetdetails" time="0.001"/>
  <testcase classname="PetStore.updatePet" name="updatePetdetails" time="0.005"/>
  <testcase classname="PetStore.updatePet" name="updatePetdetails" time="0.001"/>
  <testcase classname="PetStore.UpdatePhoto" name="uploadPhoto" time="4.536"/>
</testsuite> <!-- Test -->
