<?xml version="1.0" encoding="UTF-8"?>
<testng-results ignored="0" total="1" passed="1" failed="0" skipped="0">
  <reporter-output>
  </reporter-output>
  <suite started-at="2021-03-28T16:55:29 IST" name="Default suite" finished-at="2021-03-28T16:55:36 IST" duration-ms="7065">
    <groups>
    </groups>
    <test started-at="2021-03-28T16:55:29 IST" name="Default test" finished-at="2021-03-28T16:55:36 IST" duration-ms="7065">
      <class name="userData.UserLogOut">
        <test-method signature="userLogout()[pri:0, instance:userData.UserLogOut@1dde4cb2]" started-at="2021-03-28T16:55:29 IST" name="userLogout" finished-at="2021-03-28T16:55:36 IST" duration-ms="6977" status="PASS">
          <reporter-output>
          </reporter-output>
        </test-method> <!-- userLogout -->
      </class> <!-- userData.UserLogOut -->
    </test> <!-- Default test -->
  </suite> <!-- Default suite -->
</testng-results>
